  [1m[35m (0.1ms)[0m  [1m[34mSELECT pg_try_advisory_lock(7983525966442521915);[0m
  [1m[36mActiveRecord::SchemaMigration Load (0.3ms)[0m  [1m[34mSELECT "schema_migrations".* FROM "schema_migrations"[0m
Migrating to CreateCandidates (20170317212403)
  [1m[35m (0.2ms)[0m  [1m[35mBEGIN[0m
  [1m[35m (4.2ms)[0m  [1m[35mCREATE TABLE "candidates" ("id" serial primary key, "first_name" character varying, "last_name" character varying, "email" character varying, "password_digest" character varying, "photo" character varying, "created_at" timestamp NOT NULL, "updated_at" timestamp NOT NULL)[0m
  [1m[35m (0.1ms)[0m  [1m[31mROLLBACK[0m
  [1m[35m (0.2ms)[0m  [1m[34mSELECT pg_advisory_unlock(7983525966442521915)[0m
  [1m[36mActiveRecord::SchemaMigration Load (0.4ms)[0m  [1m[34mSELECT "schema_migrations".* FROM "schema_migrations"[0m
  [1m[35m (0.2ms)[0m  [1m[34mSELECT "ar_internal_metadata"."value" FROM "ar_internal_metadata" WHERE "ar_internal_metadata"."key" = $1[0m  [["key", :environment]]
  [1m[36mActiveRecord::SchemaMigration Load (0.1ms)[0m  [1m[34mSELECT "schema_migrations".* FROM "schema_migrations"[0m
  [1m[35m (0.1ms)[0m  [1m[34mSELECT "ar_internal_metadata"."value" FROM "ar_internal_metadata" WHERE "ar_internal_metadata"."key" = $1[0m  [["key", :environment]]
  [1m[36mActiveRecord::SchemaMigration Load (0.1ms)[0m  [1m[34mSELECT "schema_migrations".* FROM "schema_migrations"[0m
  [1m[35m (0.1ms)[0m  [1m[34mSELECT "ar_internal_metadata"."value" FROM "ar_internal_metadata" WHERE "ar_internal_metadata"."key" = $1[0m  [["key", :environment]]
  [1m[35m (116.0ms)[0m  [1m[35mDROP DATABASE IF EXISTS "code_connect_development"[0m
  [1m[35m (112.1ms)[0m  [1m[35mDROP DATABASE IF EXISTS "code_connect_test"[0m
  [1m[35m (3.2ms)[0m  [1m[35mCREATE TABLE "schema_migrations" ("version" character varying PRIMARY KEY)[0m
  [1m[35m (1.9ms)[0m  [1m[35mCREATE TABLE "ar_internal_metadata" ("key" character varying PRIMARY KEY, "value" character varying, "created_at" timestamp NOT NULL, "updated_at" timestamp NOT NULL)[0m
  [1m[35m (0.2ms)[0m  [1m[34mSELECT pg_try_advisory_lock(7983525966442521915);[0m
  [1m[36mActiveRecord::SchemaMigration Load (0.5ms)[0m  [1m[34mSELECT "schema_migrations".* FROM "schema_migrations"[0m
Migrating to CreateCandidates (20170317212403)
  [1m[35m (0.1ms)[0m  [1m[35mBEGIN[0m
  [1m[35m (2.6ms)[0m  [1m[35mCREATE TABLE "candidates" ("id" serial primary key, "first_name" character varying, "last_name" character varying, "email" character varying, "password_digest" character varying, "photo" character varying, "created_at" timestamp NOT NULL, "updated_at" timestamp NOT NULL)[0m
  [1m[35mSQL (0.3ms)[0m  [1m[32mINSERT INTO "schema_migrations" ("version") VALUES ($1) RETURNING "version"[0m  [["version", "20170317212403"]]
  [1m[35m (0.4ms)[0m  [1m[35mCOMMIT[0m
Migrating to CreateLinks (20170317212415)
  [1m[35m (0.1ms)[0m  [1m[35mBEGIN[0m
  [1m[35m (3.0ms)[0m  [1m[35mCREATE TABLE "links" ("id" serial primary key, "type" character varying, "url" character varying, "description" text, "candidate_id" integer, "created_at" timestamp NOT NULL, "updated_at" timestamp NOT NULL, CONSTRAINT "fk_rails_0764b407c2"
FOREIGN KEY ("candidate_id")
  REFERENCES "candidates" ("id")
)[0m
  [1m[35m (0.6ms)[0m  [1m[35mCREATE  INDEX  "index_links_on_candidate_id" ON "links"  ("candidate_id")[0m
  [1m[35mSQL (0.2ms)[0m  [1m[32mINSERT INTO "schema_migrations" ("version") VALUES ($1) RETURNING "version"[0m  [["version", "20170317212415"]]
  [1m[35m (0.4ms)[0m  [1m[35mCOMMIT[0m
Migrating to CreateCompanies (20170317212426)
  [1m[35m (0.2ms)[0m  [1m[35mBEGIN[0m
  [1m[35m (2.4ms)[0m  [1m[35mCREATE TABLE "companies" ("id" serial primary key, "name" character varying, "location" character varying, "email" character varying, "logo" character varying, "password_digest" character varying, "created_at" timestamp NOT NULL, "updated_at" timestamp NOT NULL)[0m
  [1m[35mSQL (0.2ms)[0m  [1m[32mINSERT INTO "schema_migrations" ("version") VALUES ($1) RETURNING "version"[0m  [["version", "20170317212426"]]
  [1m[35m (0.3ms)[0m  [1m[35mCOMMIT[0m
Migrating to CreateJobs (20170317212431)
  [1m[35m (0.1ms)[0m  [1m[35mBEGIN[0m
  [1m[35m (1.9ms)[0m  [1m[35mCREATE TABLE "jobs" ("id" serial primary key, "position" character varying, "location" character varying, "description" text, "company_id" integer, "created_at" timestamp NOT NULL, "updated_at" timestamp NOT NULL)[0m
  [1m[35mSQL (0.2ms)[0m  [1m[32mINSERT INTO "schema_migrations" ("version") VALUES ($1) RETURNING "version"[0m  [["version", "20170317212431"]]
  [1m[35m (0.2ms)[0m  [1m[35mCOMMIT[0m
Migrating to CreateProjects (20170317212436)
  [1m[35m (0.1ms)[0m  [1m[35mBEGIN[0m
  [1m[35m (2.2ms)[0m  [1m[35mCREATE TABLE "projects" ("id" serial primary key, "description" text, "location" character varying, "compensation" character varying, "company_id" integer, "created_at" timestamp NOT NULL, "updated_at" timestamp NOT NULL, CONSTRAINT "fk_rails_44a549d7b3"
FOREIGN KEY ("company_id")
  REFERENCES "companies" ("id")
)[0m
  [1m[35m (0.5ms)[0m  [1m[35mCREATE  INDEX  "index_projects_on_company_id" ON "projects"  ("company_id")[0m
  [1m[35mSQL (0.2ms)[0m  [1m[32mINSERT INTO "schema_migrations" ("version") VALUES ($1) RETURNING "version"[0m  [["version", "20170317212436"]]
  [1m[35m (0.3ms)[0m  [1m[35mCOMMIT[0m
Migrating to CreateContracts (20170317212441)
  [1m[35m (0.1ms)[0m  [1m[35mBEGIN[0m
  [1m[35m (1.9ms)[0m  [1m[35mCREATE TABLE "contracts" ("id" serial primary key, "candidate_id" integer, "project_id" integer, "created_at" timestamp NOT NULL, "updated_at" timestamp NOT NULL, CONSTRAINT "fk_rails_e11b0b053e"
FOREIGN KEY ("candidate_id")
  REFERENCES "candidates" ("id")
, CONSTRAINT "fk_rails_6746a71977"
FOREIGN KEY ("project_id")
  REFERENCES "projects" ("id")
)[0m
  [1m[35m (0.7ms)[0m  [1m[35mCREATE  INDEX  "index_contracts_on_candidate_id" ON "contracts"  ("candidate_id")[0m
  [1m[35m (0.4ms)[0m  [1m[35mCREATE  INDEX  "index_contracts_on_project_id" ON "contracts"  ("project_id")[0m
  [1m[35mSQL (0.2ms)[0m  [1m[32mINSERT INTO "schema_migrations" ("version") VALUES ($1) RETURNING "version"[0m  [["version", "20170317212441"]]
  [1m[35m (0.2ms)[0m  [1m[35mCOMMIT[0m
Migrating to CreateEvaluations (20170317212450)
  [1m[35m (0.2ms)[0m  [1m[35mBEGIN[0m
  [1m[35m (2.3ms)[0m  [1m[35mCREATE TABLE "evaluations" ("id" serial primary key, "review" text, "rating" integer, "contract_id" integer, "created_at" timestamp NOT NULL, "updated_at" timestamp NOT NULL, CONSTRAINT "fk_rails_2df6e03a67"
FOREIGN KEY ("contract_id")
  REFERENCES "contracts" ("id")
)[0m
  [1m[35m (0.5ms)[0m  [1m[35mCREATE  INDEX  "index_evaluations_on_contract_id" ON "evaluations"  ("contract_id")[0m
  [1m[35mSQL (0.1ms)[0m  [1m[32mINSERT INTO "schema_migrations" ("version") VALUES ($1) RETURNING "version"[0m  [["version", "20170317212450"]]
  [1m[35m (0.3ms)[0m  [1m[35mCOMMIT[0m
Migrating to CreateTokens (20170317212456)
  [1m[35m (0.1ms)[0m  [1m[35mBEGIN[0m
  [1m[35m (2.2ms)[0m  [1m[35mCREATE TABLE "tokens" ("id" serial primary key, "characters" character varying, "candidate_id" integer, "created_at" timestamp NOT NULL, "updated_at" timestamp NOT NULL, CONSTRAINT "fk_rails_7236760d2f"
FOREIGN KEY ("candidate_id")
  REFERENCES "candidates" ("id")
)[0m
  [1m[35m (0.7ms)[0m  [1m[35mCREATE  INDEX  "index_tokens_on_candidate_id" ON "tokens"  ("candidate_id")[0m
  [1m[35mSQL (0.1ms)[0m  [1m[32mINSERT INTO "schema_migrations" ("version") VALUES ($1) RETURNING "version"[0m  [["version", "20170317212456"]]
  [1m[35m (0.3ms)[0m  [1m[35mCOMMIT[0m
Migrating to CreateProfiles (20170317212509)
  [1m[35m (0.1ms)[0m  [1m[35mBEGIN[0m
  [1m[35m (2.0ms)[0m  [1m[35mCREATE TABLE "profiles" ("id" serial primary key, "location" character varying, "objective" text, "summary" text, "candidate_id" integer, "created_at" timestamp NOT NULL, "updated_at" timestamp NOT NULL, CONSTRAINT "fk_rails_4bcf89c51b"
FOREIGN KEY ("candidate_id")
  REFERENCES "candidates" ("id")
)[0m
  [1m[35m (0.5ms)[0m  [1m[35mCREATE  INDEX  "index_profiles_on_candidate_id" ON "profiles"  ("candidate_id")[0m
  [1m[35mSQL (0.1ms)[0m  [1m[32mINSERT INTO "schema_migrations" ("version") VALUES ($1) RETURNING "version"[0m  [["version", "20170317212509"]]
  [1m[35m (0.3ms)[0m  [1m[35mCOMMIT[0m
Migrating to CreateResumes (20170317212516)
  [1m[35m (0.1ms)[0m  [1m[35mBEGIN[0m
  [1m[35m (1.7ms)[0m  [1m[35mCREATE TABLE "resumes" ("id" serial primary key, "file" character varying, "candidate_id" integer, "created_at" timestamp NOT NULL, "updated_at" timestamp NOT NULL)[0m
  [1m[35m (0.5ms)[0m  [1m[35mCREATE  INDEX  "index_resumes_on_candidate_id" ON "resumes"  ("candidate_id")[0m
  [1m[35mSQL (0.1ms)[0m  [1m[32mINSERT INTO "schema_migrations" ("version") VALUES ($1) RETURNING "version"[0m  [["version", "20170317212516"]]
  [1m[35m (0.3ms)[0m  [1m[35mCOMMIT[0m
  [1m[36mActiveRecord::InternalMetadata Load (0.2ms)[0m  [1m[34mSELECT  "ar_internal_metadata".* FROM "ar_internal_metadata" WHERE "ar_internal_metadata"."key" = $1 LIMIT $2[0m  [["key", :environment], ["LIMIT", 1]]
  [1m[35m (0.1ms)[0m  [1m[35mBEGIN[0m
  [1m[35mSQL (0.3ms)[0m  [1m[32mINSERT INTO "ar_internal_metadata" ("key", "value", "created_at", "updated_at") VALUES ($1, $2, $3, $4) RETURNING "key"[0m  [["key", "environment"], ["value", "development"], ["created_at", 2017-03-17 21:43:19 UTC], ["updated_at", 2017-03-17 21:43:19 UTC]]
  [1m[35m (0.2ms)[0m  [1m[35mCOMMIT[0m
  [1m[35m (0.1ms)[0m  [1m[34mSELECT pg_advisory_unlock(7983525966442521915)[0m
  [1m[36mActiveRecord::SchemaMigration Load (0.2ms)[0m  [1m[34mSELECT "schema_migrations".* FROM "schema_migrations"[0m
  [1m[36mCandidate Load (0.4ms)[0m  [1m[34mSELECT "candidates".* FROM "candidates"[0m
  [1m[35m (0.1ms)[0m  [1m[35mBEGIN[0m
  [1m[35m (0.1ms)[0m  [1m[31mROLLBACK[0m
  [1m[35m (0.3ms)[0m  [1m[35mBEGIN[0m
  [1m[35m (0.2ms)[0m  [1m[31mROLLBACK[0m
  [1m[35m (0.2ms)[0m  [1m[35mBEGIN[0m
  [1m[35m (0.2ms)[0m  [1m[31mROLLBACK[0m
  [1m[35m (0.1ms)[0m  [1m[35mBEGIN[0m
  [1m[36mCandidate Exists (0.6ms)[0m  [1m[34mSELECT  1 AS one FROM "candidates" WHERE "candidates"."email" = $1 LIMIT $2[0m  [["email", "kim@mail.com"], ["LIMIT", 1]]
  [1m[35mSQL (0.5ms)[0m  [1m[32mINSERT INTO "candidates" ("first_name", "last_name", "email", "password_digest", "created_at", "updated_at") VALUES ($1, $2, $3, $4, $5, $6) RETURNING "id"[0m  [["first_name", "Kim"], ["last_name", "Embry"], ["email", "kim@mail.com"], ["password_digest", "$2a$10$X.x8iHga1Zx63S4zN9/Kd.cp7cW.oM5Q/0svwBpwJ0mll1EP7Rt.."], ["created_at", 2017-03-17 21:49:29 UTC], ["updated_at", 2017-03-17 21:49:29 UTC]]
  [1m[35m (6.3ms)[0m  [1m[35mCOMMIT[0m
  [1m[36mCandidate Load (0.3ms)[0m  [1m[34mSELECT  "candidates".* FROM "candidates" ORDER BY "candidates"."id" ASC LIMIT $1[0m  [["LIMIT", 1]]
  [1m[36mResume Load (0.3ms)[0m  [1m[34mSELECT  "resumes".* FROM "resumes" WHERE "resumes"."candidate_id" = $1 LIMIT $2[0m  [["candidate_id", 1], ["LIMIT", 1]]
  [1m[36mCandidate Load (0.3ms)[0m  [1m[34mSELECT  "candidates".* FROM "candidates" ORDER BY "candidates"."id" ASC LIMIT $1[0m  [["LIMIT", 1]]
  [1m[36mLink Load (0.5ms)[0m  [1m[34mSELECT "links".* FROM "links" WHERE "links"."candidate_id" = $1[0m  [["candidate_id", 1]]
  [1m[36mToken Load (0.3ms)[0m  [1m[34mSELECT  "tokens".* FROM "tokens" WHERE "tokens"."candidate_id" = $1 LIMIT $2[0m  [["candidate_id", 1], ["LIMIT", 1]]
  [1m[36mProfile Load (0.3ms)[0m  [1m[34mSELECT  "profiles".* FROM "profiles" WHERE "profiles"."candidate_id" = $1 LIMIT $2[0m  [["candidate_id", 1], ["LIMIT", 1]]
  [1m[36mContract Load (0.3ms)[0m  [1m[34mSELECT "contracts".* FROM "contracts" WHERE "contracts"."candidate_id" = $1[0m  [["candidate_id", 1]]
  [1m[35m (0.2ms)[0m  [1m[35mBEGIN[0m
  [1m[36mCompany Exists (0.8ms)[0m  [1m[34mSELECT  1 AS one FROM "companies" WHERE "companies"."email" = $1 LIMIT $2[0m  [["email", "brian@code-connect.com"], ["LIMIT", 1]]
  [1m[35mSQL (0.5ms)[0m  [1m[32mINSERT INTO "companies" ("name", "location", "email", "password_digest", "created_at", "updated_at") VALUES ($1, $2, $3, $4, $5, $6) RETURNING "id"[0m  [["name", "Code Connect"], ["location", "San Francisco, CA"], ["email", "brian@code-connect.com"], ["password_digest", "$2a$10$CjSXf/felfUq5yQQV6UDiO21l6ed75xWXALv3wWYEl3VekRUuGbBe"], ["created_at", 2017-03-17 21:52:33 UTC], ["updated_at", 2017-03-17 21:52:33 UTC]]
  [1m[35m (2.1ms)[0m  [1m[35mCOMMIT[0m
  [1m[36mActiveRecord::SchemaMigration Load (0.8ms)[0m  [1m[34mSELECT "schema_migrations".* FROM "schema_migrations"[0m
  [1m[35m (0.2ms)[0m  [1m[34mSELECT "ar_internal_metadata"."value" FROM "ar_internal_metadata" WHERE "ar_internal_metadata"."key" = $1[0m  [["key", :environment]]
  [1m[36mActiveRecord::SchemaMigration Load (0.2ms)[0m  [1m[34mSELECT "schema_migrations".* FROM "schema_migrations"[0m
  [1m[35m (0.1ms)[0m  [1m[34mSELECT "ar_internal_metadata"."value" FROM "ar_internal_metadata" WHERE "ar_internal_metadata"."key" = $1[0m  [["key", :environment]]
  [1m[36mActiveRecord::SchemaMigration Load (0.1ms)[0m  [1m[34mSELECT "schema_migrations".* FROM "schema_migrations"[0m
  [1m[35m (0.1ms)[0m  [1m[34mSELECT "ar_internal_metadata"."value" FROM "ar_internal_metadata" WHERE "ar_internal_metadata"."key" = $1[0m  [["key", :environment]]
  [1m[35m (5045.8ms)[0m  [1m[35mDROP DATABASE IF EXISTS "code_connect_development"[0m
  [1m[35m (0.1ms)[0m  [1m[34mSELECT pg_try_advisory_lock(7983525966442521915);[0m
  [1m[36mActiveRecord::SchemaMigration Load (0.3ms)[0m  [1m[34mSELECT "schema_migrations".* FROM "schema_migrations"[0m
  [1m[36mActiveRecord::InternalMetadata Load (0.3ms)[0m  [1m[34mSELECT  "ar_internal_metadata".* FROM "ar_internal_metadata" WHERE "ar_internal_metadata"."key" = $1 LIMIT $2[0m  [["key", :environment], ["LIMIT", 1]]
  [1m[35m (0.2ms)[0m  [1m[35mBEGIN[0m
  [1m[35m (0.1ms)[0m  [1m[35mCOMMIT[0m
  [1m[35m (0.2ms)[0m  [1m[34mSELECT pg_advisory_unlock(7983525966442521915)[0m
  [1m[36mActiveRecord::SchemaMigration Load (0.2ms)[0m  [1m[34mSELECT "schema_migrations".* FROM "schema_migrations"[0m
  [1m[36mActiveRecord::SchemaMigration Load (0.5ms)[0m  [1m[34mSELECT "schema_migrations".* FROM "schema_migrations"[0m
  [1m[35m (0.3ms)[0m  [1m[34mSELECT "ar_internal_metadata"."value" FROM "ar_internal_metadata" WHERE "ar_internal_metadata"."key" = $1[0m  [["key", :environment]]
  [1m[36mActiveRecord::SchemaMigration Load (0.2ms)[0m  [1m[34mSELECT "schema_migrations".* FROM "schema_migrations"[0m
  [1m[35m (0.2ms)[0m  [1m[34mSELECT "ar_internal_metadata"."value" FROM "ar_internal_metadata" WHERE "ar_internal_metadata"."key" = $1[0m  [["key", :environment]]
  [1m[36mActiveRecord::SchemaMigration Load (0.2ms)[0m  [1m[34mSELECT "schema_migrations".* FROM "schema_migrations"[0m
  [1m[35m (0.2ms)[0m  [1m[34mSELECT "ar_internal_metadata"."value" FROM "ar_internal_metadata" WHERE "ar_internal_metadata"."key" = $1[0m  [["key", :environment]]
  [1m[35m (114.3ms)[0m  [1m[35mDROP DATABASE IF EXISTS "code_connect_development"[0m
  [1m[35m (113.6ms)[0m  [1m[35mDROP DATABASE IF EXISTS "code_connect_test"[0m
  [1m[35m (5.6ms)[0m  [1m[35mCREATE TABLE "schema_migrations" ("version" character varying PRIMARY KEY)[0m
  [1m[35m (2.2ms)[0m  [1m[35mCREATE TABLE "ar_internal_metadata" ("key" character varying PRIMARY KEY, "value" character varying, "created_at" timestamp NOT NULL, "updated_at" timestamp NOT NULL)[0m
  [1m[35m (0.2ms)[0m  [1m[34mSELECT pg_try_advisory_lock(7983525966442521915);[0m
  [1m[36mActiveRecord::SchemaMigration Load (0.4ms)[0m  [1m[34mSELECT "schema_migrations".* FROM "schema_migrations"[0m
Migrating to CreateCandidates (20170317212403)
  [1m[35m (0.1ms)[0m  [1m[35mBEGIN[0m
  [1m[35m (2.4ms)[0m  [1m[35mCREATE TABLE "candidates" ("id" serial primary key, "first_name" character varying, "last_name" character varying, "email" character varying, "password_digest" character varying, "photo" character varying, "created_at" timestamp NOT NULL, "updated_at" timestamp NOT NULL)[0m
  [1m[35mSQL (0.3ms)[0m  [1m[32mINSERT INTO "schema_migrations" ("version") VALUES ($1) RETURNING "version"[0m  [["version", "20170317212403"]]
  [1m[35m (0.4ms)[0m  [1m[35mCOMMIT[0m
Migrating to CreateLinks (20170317212415)
  [1m[35m (0.2ms)[0m  [1m[35mBEGIN[0m
  [1m[35m (2.7ms)[0m  [1m[35mCREATE TABLE "links" ("id" serial primary key, "type" character varying, "url" character varying, "description" text, "candidate_id" integer, "created_at" timestamp NOT NULL, "updated_at" timestamp NOT NULL, CONSTRAINT "fk_rails_0764b407c2"
FOREIGN KEY ("candidate_id")
  REFERENCES "candidates" ("id")
)[0m
  [1m[35m (0.6ms)[0m  [1m[35mCREATE  INDEX  "index_links_on_candidate_id" ON "links"  ("candidate_id")[0m
  [1m[35mSQL (0.2ms)[0m  [1m[32mINSERT INTO "schema_migrations" ("version") VALUES ($1) RETURNING "version"[0m  [["version", "20170317212415"]]
  [1m[35m (0.3ms)[0m  [1m[35mCOMMIT[0m
Migrating to CreateCompanies (20170317212426)
  [1m[35m (0.2ms)[0m  [1m[35mBEGIN[0m
  [1m[35m (2.0ms)[0m  [1m[35mCREATE TABLE "companies" ("id" serial primary key, "name" character varying, "location" character varying, "email" character varying, "logo" character varying, "password_digest" character varying, "created_at" timestamp NOT NULL, "updated_at" timestamp NOT NULL)[0m
  [1m[35mSQL (0.1ms)[0m  [1m[32mINSERT INTO "schema_migrations" ("version") VALUES ($1) RETURNING "version"[0m  [["version", "20170317212426"]]
  [1m[35m (0.3ms)[0m  [1m[35mCOMMIT[0m
Migrating to CreateJobs (20170317212431)
  [1m[35m (0.1ms)[0m  [1m[35mBEGIN[0m
  [1m[35m (2.0ms)[0m  [1m[35mCREATE TABLE "jobs" ("id" serial primary key, "position" character varying, "location" character varying, "description" text, "company_id" integer, "created_at" timestamp NOT NULL, "updated_at" timestamp NOT NULL)[0m
  [1m[35m (0.7ms)[0m  [1m[35mCREATE  INDEX  "index_jobs_on_company_id" ON "jobs"  ("company_id")[0m
  [1m[35mSQL (0.2ms)[0m  [1m[32mINSERT INTO "schema_migrations" ("version") VALUES ($1) RETURNING "version"[0m  [["version", "20170317212431"]]
  [1m[35m (0.3ms)[0m  [1m[35mCOMMIT[0m
Migrating to CreateProjects (20170317212436)
  [1m[35m (0.2ms)[0m  [1m[35mBEGIN[0m
  [1m[35m (2.8ms)[0m  [1m[35mCREATE TABLE "projects" ("id" serial primary key, "description" text, "location" character varying, "compensation" character varying, "company_id" integer, "created_at" timestamp NOT NULL, "updated_at" timestamp NOT NULL, CONSTRAINT "fk_rails_44a549d7b3"
FOREIGN KEY ("company_id")
  REFERENCES "companies" ("id")
)[0m
  [1m[35m (0.5ms)[0m  [1m[35mCREATE  INDEX  "index_projects_on_company_id" ON "projects"  ("company_id")[0m
  [1m[35mSQL (0.1ms)[0m  [1m[32mINSERT INTO "schema_migrations" ("version") VALUES ($1) RETURNING "version"[0m  [["version", "20170317212436"]]
  [1m[35m (0.3ms)[0m  [1m[35mCOMMIT[0m
Migrating to CreateContracts (20170317212441)
  [1m[35m (0.1ms)[0m  [1m[35mBEGIN[0m
  [1m[35m (2.3ms)[0m  [1m[35mCREATE TABLE "contracts" ("id" serial primary key, "candidate_id" integer, "project_id" integer, "created_at" timestamp NOT NULL, "updated_at" timestamp NOT NULL, CONSTRAINT "fk_rails_e11b0b053e"
FOREIGN KEY ("candidate_id")
  REFERENCES "candidates" ("id")
, CONSTRAINT "fk_rails_6746a71977"
FOREIGN KEY ("project_id")
  REFERENCES "projects" ("id")
)[0m
  [1m[35m (0.5ms)[0m  [1m[35mCREATE  INDEX  "index_contracts_on_candidate_id" ON "contracts"  ("candidate_id")[0m
  [1m[35m (0.6ms)[0m  [1m[35mCREATE  INDEX  "index_contracts_on_project_id" ON "contracts"  ("project_id")[0m
  [1m[35mSQL (0.2ms)[0m  [1m[32mINSERT INTO "schema_migrations" ("version") VALUES ($1) RETURNING "version"[0m  [["version", "20170317212441"]]
  [1m[35m (0.3ms)[0m  [1m[35mCOMMIT[0m
Migrating to CreateEvaluations (20170317212450)
  [1m[35m (0.1ms)[0m  [1m[35mBEGIN[0m
  [1m[35m (2.6ms)[0m  [1m[35mCREATE TABLE "evaluations" ("id" serial primary key, "review" text, "rating" integer, "contract_id" integer, "created_at" timestamp NOT NULL, "updated_at" timestamp NOT NULL, CONSTRAINT "fk_rails_2df6e03a67"
FOREIGN KEY ("contract_id")
  REFERENCES "contracts" ("id")
)[0m
  [1m[35m (0.8ms)[0m  [1m[35mCREATE  INDEX  "index_evaluations_on_contract_id" ON "evaluations"  ("contract_id")[0m
  [1m[35mSQL (0.1ms)[0m  [1m[32mINSERT INTO "schema_migrations" ("version") VALUES ($1) RETURNING "version"[0m  [["version", "20170317212450"]]
  [1m[35m (0.3ms)[0m  [1m[35mCOMMIT[0m
Migrating to CreateTokens (20170317212456)
  [1m[35m (0.1ms)[0m  [1m[35mBEGIN[0m
  [1m[35m (2.1ms)[0m  [1m[35mCREATE TABLE "tokens" ("id" serial primary key, "characters" character varying, "candidate_id" integer, "created_at" timestamp NOT NULL, "updated_at" timestamp NOT NULL, CONSTRAINT "fk_rails_7236760d2f"
FOREIGN KEY ("candidate_id")
  REFERENCES "candidates" ("id")
)[0m
  [1m[35m (0.6ms)[0m  [1m[35mCREATE  INDEX  "index_tokens_on_candidate_id" ON "tokens"  ("candidate_id")[0m
  [1m[35mSQL (0.2ms)[0m  [1m[32mINSERT INTO "schema_migrations" ("version") VALUES ($1) RETURNING "version"[0m  [["version", "20170317212456"]]
  [1m[35m (0.4ms)[0m  [1m[35mCOMMIT[0m
Migrating to CreateProfiles (20170317212509)
  [1m[35m (0.3ms)[0m  [1m[35mBEGIN[0m
  [1m[35m (2.8ms)[0m  [1m[35mCREATE TABLE "profiles" ("id" serial primary key, "location" character varying, "objective" text, "summary" text, "candidate_id" integer, "created_at" timestamp NOT NULL, "updated_at" timestamp NOT NULL, CONSTRAINT "fk_rails_4bcf89c51b"
FOREIGN KEY ("candidate_id")
  REFERENCES "candidates" ("id")
)[0m
  [1m[35m (0.7ms)[0m  [1m[35mCREATE  INDEX  "index_profiles_on_candidate_id" ON "profiles"  ("candidate_id")[0m
  [1m[35mSQL (0.2ms)[0m  [1m[32mINSERT INTO "schema_migrations" ("version") VALUES ($1) RETURNING "version"[0m  [["version", "20170317212509"]]
  [1m[35m (0.4ms)[0m  [1m[35mCOMMIT[0m
Migrating to CreateResumes (20170317212516)
  [1m[35m (0.2ms)[0m  [1m[35mBEGIN[0m
  [1m[35m (2.1ms)[0m  [1m[35mCREATE TABLE "resumes" ("id" serial primary key, "file" character varying, "candidate_id" integer, "created_at" timestamp NOT NULL, "updated_at" timestamp NOT NULL)[0m
  [1m[35m (0.7ms)[0m  [1m[35mCREATE  INDEX  "index_resumes_on_candidate_id" ON "resumes"  ("candidate_id")[0m
  [1m[35mSQL (0.2ms)[0m  [1m[32mINSERT INTO "schema_migrations" ("version") VALUES ($1) RETURNING "version"[0m  [["version", "20170317212516"]]
  [1m[35m (0.3ms)[0m  [1m[35mCOMMIT[0m
  [1m[36mActiveRecord::InternalMetadata Load (0.2ms)[0m  [1m[34mSELECT  "ar_internal_metadata".* FROM "ar_internal_metadata" WHERE "ar_internal_metadata"."key" = $1 LIMIT $2[0m  [["key", :environment], ["LIMIT", 1]]
  [1m[35m (0.1ms)[0m  [1m[35mBEGIN[0m
  [1m[35mSQL (0.2ms)[0m  [1m[32mINSERT INTO "ar_internal_metadata" ("key", "value", "created_at", "updated_at") VALUES ($1, $2, $3, $4) RETURNING "key"[0m  [["key", "environment"], ["value", "development"], ["created_at", 2017-03-17 21:54:38 UTC], ["updated_at", 2017-03-17 21:54:38 UTC]]
  [1m[35m (0.2ms)[0m  [1m[35mCOMMIT[0m
  [1m[35m (0.2ms)[0m  [1m[34mSELECT pg_advisory_unlock(7983525966442521915)[0m
  [1m[36mActiveRecord::SchemaMigration Load (0.2ms)[0m  [1m[34mSELECT "schema_migrations".* FROM "schema_migrations"[0m
  [1m[35m (0.2ms)[0m  [1m[35mBEGIN[0m
  [1m[36mCompany Exists (0.9ms)[0m  [1m[34mSELECT  1 AS one FROM "companies" WHERE "companies"."email" = $1 LIMIT $2[0m  [["email", "lalalalla"], ["LIMIT", 1]]
  [1m[35mSQL (0.4ms)[0m  [1m[32mINSERT INTO "companies" ("name", "location", "email", "password_digest", "created_at", "updated_at") VALUES ($1, $2, $3, $4, $5, $6) RETURNING "id"[0m  [["name", "Name"], ["location", "Whatever"], ["email", "lalalalla"], ["password_digest", "$2a$10$iQi1/VzcjnI82UMHw/E3vu6dWUrc4wyq66cG5usu7qE9LLZmw0F6y"], ["created_at", 2017-03-17 21:55:08 UTC], ["updated_at", 2017-03-17 21:55:08 UTC]]
  [1m[35m (2.1ms)[0m  [1m[35mCOMMIT[0m
  [1m[36mActiveRecord::SchemaMigration Load (0.9ms)[0m  [1m[34mSELECT "schema_migrations".* FROM "schema_migrations"[0m
  [1m[35m (0.2ms)[0m  [1m[34mSELECT "ar_internal_metadata"."value" FROM "ar_internal_metadata" WHERE "ar_internal_metadata"."key" = $1[0m  [["key", :environment]]
  [1m[36mActiveRecord::SchemaMigration Load (0.1ms)[0m  [1m[34mSELECT "schema_migrations".* FROM "schema_migrations"[0m
  [1m[35m (0.1ms)[0m  [1m[34mSELECT "ar_internal_metadata"."value" FROM "ar_internal_metadata" WHERE "ar_internal_metadata"."key" = $1[0m  [["key", :environment]]
  [1m[36mActiveRecord::SchemaMigration Load (0.1ms)[0m  [1m[34mSELECT "schema_migrations".* FROM "schema_migrations"[0m
  [1m[35m (0.1ms)[0m  [1m[34mSELECT "ar_internal_metadata"."value" FROM "ar_internal_metadata" WHERE "ar_internal_metadata"."key" = $1[0m  [["key", :environment]]
  [1m[35m (113.6ms)[0m  [1m[35mDROP DATABASE IF EXISTS "code_connect_development"[0m
  [1m[35m (111.4ms)[0m  [1m[35mDROP DATABASE IF EXISTS "code_connect_test"[0m
  [1m[35m (6.1ms)[0m  [1m[35mCREATE TABLE "schema_migrations" ("version" character varying PRIMARY KEY)[0m
  [1m[35m (2.1ms)[0m  [1m[35mCREATE TABLE "ar_internal_metadata" ("key" character varying PRIMARY KEY, "value" character varying, "created_at" timestamp NOT NULL, "updated_at" timestamp NOT NULL)[0m
  [1m[35m (0.2ms)[0m  [1m[34mSELECT pg_try_advisory_lock(7983525966442521915);[0m
  [1m[36mActiveRecord::SchemaMigration Load (0.3ms)[0m  [1m[34mSELECT "schema_migrations".* FROM "schema_migrations"[0m
Migrating to CreateCandidates (20170317212403)
  [1m[35m (0.1ms)[0m  [1m[35mBEGIN[0m
  [1m[35m (3.0ms)[0m  [1m[35mCREATE TABLE "candidates" ("id" serial primary key, "first_name" character varying, "last_name" character varying, "email" character varying, "password_digest" character varying, "photo" character varying, "created_at" timestamp NOT NULL, "updated_at" timestamp NOT NULL)[0m
  [1m[35mSQL (0.4ms)[0m  [1m[32mINSERT INTO "schema_migrations" ("version") VALUES ($1) RETURNING "version"[0m  [["version", "20170317212403"]]
  [1m[35m (0.4ms)[0m  [1m[35mCOMMIT[0m
Migrating to CreateLinks (20170317212415)
  [1m[35m (0.2ms)[0m  [1m[35mBEGIN[0m
  [1m[35m (3.4ms)[0m  [1m[35mCREATE TABLE "links" ("id" serial primary key, "type" character varying, "url" character varying, "description" text, "candidate_id" integer, "created_at" timestamp NOT NULL, "updated_at" timestamp NOT NULL, CONSTRAINT "fk_rails_0764b407c2"
FOREIGN KEY ("candidate_id")
  REFERENCES "candidates" ("id")
)[0m
  [1m[35m (0.7ms)[0m  [1m[35mCREATE  INDEX  "index_links_on_candidate_id" ON "links"  ("candidate_id")[0m
  [1m[35mSQL (0.2ms)[0m  [1m[32mINSERT INTO "schema_migrations" ("version") VALUES ($1) RETURNING "version"[0m  [["version", "20170317212415"]]
  [1m[35m (0.3ms)[0m  [1m[35mCOMMIT[0m
Migrating to CreateCompanies (20170317212426)
  [1m[35m (0.2ms)[0m  [1m[35mBEGIN[0m
  [1m[35m (2.1ms)[0m  [1m[35mCREATE TABLE "companies" ("id" serial primary key, "name" character varying, "location" character varying, "email" character varying, "logo" character varying, "password_digest" character varying, "created_at" timestamp NOT NULL, "updated_at" timestamp NOT NULL)[0m
  [1m[35mSQL (0.2ms)[0m  [1m[32mINSERT INTO "schema_migrations" ("version") VALUES ($1) RETURNING "version"[0m  [["version", "20170317212426"]]
  [1m[35m (0.4ms)[0m  [1m[35mCOMMIT[0m
Migrating to CreateJobs (20170317212431)
  [1m[35m (0.1ms)[0m  [1m[35mBEGIN[0m
  [1m[35m (2.7ms)[0m  [1m[35mCREATE TABLE "jobs" ("id" serial primary key, "position" character varying, "location" character varying, "description" text, "company_id" integer, "created_at" timestamp NOT NULL, "updated_at" timestamp NOT NULL, CONSTRAINT "fk_rails_b34da78090"
FOREIGN KEY ("company_id")
  REFERENCES "companies" ("id")
)[0m
  [1m[35m (0.6ms)[0m  [1m[35mCREATE  INDEX  "index_jobs_on_company_id" ON "jobs"  ("company_id")[0m
  [1m[35mSQL (0.2ms)[0m  [1m[32mINSERT INTO "schema_migrations" ("version") VALUES ($1) RETURNING "version"[0m  [["version", "20170317212431"]]
  [1m[35m (0.3ms)[0m  [1m[35mCOMMIT[0m
Migrating to CreateProjects (20170317212436)
  [1m[35m (0.1ms)[0m  [1m[35mBEGIN[0m
  [1m[35m (2.3ms)[0m  [1m[35mCREATE TABLE "projects" ("id" serial primary key, "description" text, "location" character varying, "compensation" character varying, "company_id" integer, "created_at" timestamp NOT NULL, "updated_at" timestamp NOT NULL, CONSTRAINT "fk_rails_44a549d7b3"
FOREIGN KEY ("company_id")
  REFERENCES "companies" ("id")
)[0m
  [1m[35m (0.9ms)[0m  [1m[35mCREATE  INDEX  "index_projects_on_company_id" ON "projects"  ("company_id")[0m
  [1m[35mSQL (0.2ms)[0m  [1m[32mINSERT INTO "schema_migrations" ("version") VALUES ($1) RETURNING "version"[0m  [["version", "20170317212436"]]
  [1m[35m (0.2ms)[0m  [1m[35mCOMMIT[0m
Migrating to CreateContracts (20170317212441)
  [1m[35m (0.4ms)[0m  [1m[35mBEGIN[0m
  [1m[35m (2.0ms)[0m  [1m[35mCREATE TABLE "contracts" ("id" serial primary key, "candidate_id" integer, "project_id" integer, "created_at" timestamp NOT NULL, "updated_at" timestamp NOT NULL, CONSTRAINT "fk_rails_e11b0b053e"
FOREIGN KEY ("candidate_id")
  REFERENCES "candidates" ("id")
, CONSTRAINT "fk_rails_6746a71977"
FOREIGN KEY ("project_id")
  REFERENCES "projects" ("id")
)[0m
  [1m[35m (0.5ms)[0m  [1m[35mCREATE  INDEX  "index_contracts_on_candidate_id" ON "contracts"  ("candidate_id")[0m
  [1m[35m (0.4ms)[0m  [1m[35mCREATE  INDEX  "index_contracts_on_project_id" ON "contracts"  ("project_id")[0m
  [1m[35mSQL (0.2ms)[0m  [1m[32mINSERT INTO "schema_migrations" ("version") VALUES ($1) RETURNING "version"[0m  [["version", "20170317212441"]]
  [1m[35m (0.3ms)[0m  [1m[35mCOMMIT[0m
Migrating to CreateEvaluations (20170317212450)
  [1m[35m (0.2ms)[0m  [1m[35mBEGIN[0m
  [1m[35m (2.3ms)[0m  [1m[35mCREATE TABLE "evaluations" ("id" serial primary key, "review" text, "rating" integer, "contract_id" integer, "created_at" timestamp NOT NULL, "updated_at" timestamp NOT NULL, CONSTRAINT "fk_rails_2df6e03a67"
FOREIGN KEY ("contract_id")
  REFERENCES "contracts" ("id")
)[0m
  [1m[35m (0.5ms)[0m  [1m[35mCREATE  INDEX  "index_evaluations_on_contract_id" ON "evaluations"  ("contract_id")[0m
  [1m[35mSQL (0.1ms)[0m  [1m[32mINSERT INTO "schema_migrations" ("version") VALUES ($1) RETURNING "version"[0m  [["version", "20170317212450"]]
  [1m[35m (0.3ms)[0m  [1m[35mCOMMIT[0m
Migrating to CreateTokens (20170317212456)
  [1m[35m (0.1ms)[0m  [1m[35mBEGIN[0m
  [1m[35m (2.0ms)[0m  [1m[35mCREATE TABLE "tokens" ("id" serial primary key, "characters" character varying, "candidate_id" integer, "created_at" timestamp NOT NULL, "updated_at" timestamp NOT NULL, CONSTRAINT "fk_rails_7236760d2f"
FOREIGN KEY ("candidate_id")
  REFERENCES "candidates" ("id")
)[0m
  [1m[35m (0.6ms)[0m  [1m[35mCREATE  INDEX  "index_tokens_on_candidate_id" ON "tokens"  ("candidate_id")[0m
  [1m[35mSQL (0.2ms)[0m  [1m[32mINSERT INTO "schema_migrations" ("version") VALUES ($1) RETURNING "version"[0m  [["version", "20170317212456"]]
  [1m[35m (0.3ms)[0m  [1m[35mCOMMIT[0m
Migrating to CreateProfiles (20170317212509)
  [1m[35m (0.1ms)[0m  [1m[35mBEGIN[0m
  [1m[35m (2.2ms)[0m  [1m[35mCREATE TABLE "profiles" ("id" serial primary key, "location" character varying, "objective" text, "summary" text, "candidate_id" integer, "created_at" timestamp NOT NULL, "updated_at" timestamp NOT NULL, CONSTRAINT "fk_rails_4bcf89c51b"
FOREIGN KEY ("candidate_id")
  REFERENCES "candidates" ("id")
)[0m
  [1m[35m (0.5ms)[0m  [1m[35mCREATE  INDEX  "index_profiles_on_candidate_id" ON "profiles"  ("candidate_id")[0m
  [1m[35mSQL (0.1ms)[0m  [1m[32mINSERT INTO "schema_migrations" ("version") VALUES ($1) RETURNING "version"[0m  [["version", "20170317212509"]]
  [1m[35m (0.3ms)[0m  [1m[35mCOMMIT[0m
Migrating to CreateResumes (20170317212516)
  [1m[35m (0.1ms)[0m  [1m[35mBEGIN[0m
  [1m[35m (1.8ms)[0m  [1m[35mCREATE TABLE "resumes" ("id" serial primary key, "file" character varying, "candidate_id" integer, "created_at" timestamp NOT NULL, "updated_at" timestamp NOT NULL)[0m
  [1m[35m (0.7ms)[0m  [1m[35mCREATE  INDEX  "index_resumes_on_candidate_id" ON "resumes"  ("candidate_id")[0m
  [1m[35mSQL (0.2ms)[0m  [1m[32mINSERT INTO "schema_migrations" ("version") VALUES ($1) RETURNING "version"[0m  [["version", "20170317212516"]]
  [1m[35m (0.3ms)[0m  [1m[35mCOMMIT[0m
  [1m[36mActiveRecord::InternalMetadata Load (0.3ms)[0m  [1m[34mSELECT  "ar_internal_metadata".* FROM "ar_internal_metadata" WHERE "ar_internal_metadata"."key" = $1 LIMIT $2[0m  [["key", :environment], ["LIMIT", 1]]
  [1m[35m (0.1ms)[0m  [1m[35mBEGIN[0m
  [1m[35mSQL (0.3ms)[0m  [1m[32mINSERT INTO "ar_internal_metadata" ("key", "value", "created_at", "updated_at") VALUES ($1, $2, $3, $4) RETURNING "key"[0m  [["key", "environment"], ["value", "development"], ["created_at", 2017-03-17 21:56:37 UTC], ["updated_at", 2017-03-17 21:56:37 UTC]]
  [1m[35m (0.2ms)[0m  [1m[35mCOMMIT[0m
  [1m[35m (0.2ms)[0m  [1m[34mSELECT pg_advisory_unlock(7983525966442521915)[0m
  [1m[36mActiveRecord::SchemaMigration Load (0.1ms)[0m  [1m[34mSELECT "schema_migrations".* FROM "schema_migrations"[0m
  [1m[35m (0.2ms)[0m  [1m[35mBEGIN[0m
  [1m[36mCompany Exists (0.7ms)[0m  [1m[34mSELECT  1 AS one FROM "companies" WHERE "companies"."email" = $1 LIMIT $2[0m  [["email", "lalalalla"], ["LIMIT", 1]]
  [1m[35mSQL (0.4ms)[0m  [1m[32mINSERT INTO "companies" ("name", "location", "email", "password_digest", "created_at", "updated_at") VALUES ($1, $2, $3, $4, $5, $6) RETURNING "id"[0m  [["name", "Name"], ["location", "Whatever"], ["email", "lalalalla"], ["password_digest", "$2a$10$i4jzjyZV42ukx/JZbST.v.PLzdHmT2Y187hIr9/XkJ.hab1WSZLRC"], ["created_at", 2017-03-17 21:56:43 UTC], ["updated_at", 2017-03-17 21:56:43 UTC]]
  [1m[35m (2.2ms)[0m  [1m[35mCOMMIT[0m
  [1m[36mCompany Load (0.4ms)[0m  [1m[34mSELECT "companies".* FROM "companies"[0m
  [1m[36mCompany Load (0.3ms)[0m  [1m[34mSELECT  "companies".* FROM "companies" ORDER BY "companies"."id" ASC LIMIT $1[0m  [["LIMIT", 1]]
  [1m[36mJob Load (0.4ms)[0m  [1m[34mSELECT "jobs".* FROM "jobs" WHERE "jobs"."company_id" = $1[0m  [["company_id", 1]]
  [1m[36mCompany Load (0.4ms)[0m  [1m[34mSELECT  "companies".* FROM "companies" ORDER BY "companies"."id" ASC LIMIT $1[0m  [["LIMIT", 1]]
  [1m[36mProject Load (0.3ms)[0m  [1m[34mSELECT "projects".* FROM "projects" WHERE "projects"."company_id" = $1[0m  [["company_id", 1]]
  [1m[36mCompany Load (0.3ms)[0m  [1m[34mSELECT  "companies".* FROM "companies" ORDER BY "companies"."id" ASC LIMIT $1[0m  [["LIMIT", 1]]
  [1m[36mCompany Load (0.3ms)[0m  [1m[34mSELECT  "companies".* FROM "companies" ORDER BY "companies"."id" ASC LIMIT $1[0m  [["LIMIT", 1]]
  [1m[36mJob Load (0.3ms)[0m  [1m[34mSELECT "jobs".* FROM "jobs" WHERE "jobs"."company_id" = $1[0m  [["company_id", 1]]
  [1m[36mCompany Load (0.3ms)[0m  [1m[34mSELECT  "companies".* FROM "companies" ORDER BY "companies"."id" ASC LIMIT $1[0m  [["LIMIT", 1]]
  [1m[36mCompany Load (0.2ms)[0m  [1m[34mSELECT  "companies".* FROM "companies" ORDER BY "companies"."id" ASC LIMIT $1[0m  [["LIMIT", 1]]
  [1m[36mProject Load (0.3ms)[0m  [1m[34mSELECT "projects".* FROM "projects" WHERE "projects"."company_id" = $1[0m  [["company_id", 1]]
  [1m[36mCandidate Load (0.3ms)[0m  [1m[34mSELECT  "candidates".* FROM "candidates" ORDER BY "candidates"."id" ASC LIMIT $1[0m  [["LIMIT", 1]]
  [1m[36mEvaluation Load (0.3ms)[0m  [1m[34mSELECT  "evaluations".* FROM "evaluations" ORDER BY "evaluations"."id" ASC LIMIT $1[0m  [["LIMIT", 1]]
  [1m[36mEvaluation Load (0.4ms)[0m  [1m[34mSELECT  "evaluations".* FROM "evaluations" ORDER BY "evaluations"."id" ASC LIMIT $1[0m  [["LIMIT", 1]]
  [1m[36mEvaluation Load (0.2ms)[0m  [1m[34mSELECT  "evaluations".* FROM "evaluations" ORDER BY "evaluations"."id" ASC LIMIT $1[0m  [["LIMIT", 1]]
  [1m[36mCandidate Load (0.3ms)[0m  [1m[34mSELECT "candidates".* FROM "candidates"[0m
  [1m[36mCandidate Load (0.2ms)[0m  [1m[34mSELECT  "candidates".* FROM "candidates" ORDER BY "candidates"."id" ASC LIMIT $1[0m  [["LIMIT", 1]]
  [1m[36mCandidate Load (0.3ms)[0m  [1m[34mSELECT  "candidates".* FROM "candidates" ORDER BY "candidates"."id" ASC LIMIT $1[0m  [["LIMIT", 1]]
  [1m[36mCandidate Load (0.3ms)[0m  [1m[34mSELECT  "candidates".* FROM "candidates" ORDER BY "candidates"."id" ASC LIMIT $1[0m  [["LIMIT", 1]]
  [1m[35m (0.2ms)[0m  [1m[35mBEGIN[0m
  [1m[36mCandidate Exists (0.5ms)[0m  [1m[34mSELECT  1 AS one FROM "candidates" WHERE "candidates"."email" = $1 LIMIT $2[0m  [["email", "test"], ["LIMIT", 1]]
  [1m[35m (0.2ms)[0m  [1m[31mROLLBACK[0m
  [1m[36mCandidate Load (0.3ms)[0m  [1m[34mSELECT  "candidates".* FROM "candidates" ORDER BY "candidates"."id" DESC LIMIT $1[0m  [["LIMIT", 1]]
  [1m[35m (0.2ms)[0m  [1m[35mBEGIN[0m
  [1m[36mCandidate Exists (0.3ms)[0m  [1m[34mSELECT  1 AS one FROM "candidates" WHERE "candidates"."email" = $1 LIMIT $2[0m  [["email", "test"], ["LIMIT", 1]]
  [1m[35m (0.1ms)[0m  [1m[31mROLLBACK[0m
  [1m[35m (0.1ms)[0m  [1m[35mBEGIN[0m
  [1m[36mCandidate Exists (0.4ms)[0m  [1m[34mSELECT  1 AS one FROM "candidates" WHERE "candidates"."email" = $1 LIMIT $2[0m  [["email", "test"], ["LIMIT", 1]]
  [1m[35m (0.1ms)[0m  [1m[31mROLLBACK[0m
  [1m[35m (0.1ms)[0m  [1m[35mBEGIN[0m
  [1m[35mSQL (0.6ms)[0m  [1m[32mINSERT INTO "resumes" ("file", "candidate_id", "created_at", "updated_at") VALUES ($1, $2, $3, $4) RETURNING "id"[0m  [["file", "test"], ["candidate_id", 1], ["created_at", 2017-03-17 22:24:40 UTC], ["updated_at", 2017-03-17 22:24:40 UTC]]
  [1m[35m (1.9ms)[0m  [1m[35mCOMMIT[0m
  [1m[36mCandidate Load (0.3ms)[0m  [1m[34mSELECT "candidates".* FROM "candidates"[0m
  [1m[35m (0.2ms)[0m  [1m[35mBEGIN[0m
  [1m[36mCandidate Exists (0.3ms)[0m  [1m[34mSELECT  1 AS one FROM "candidates" WHERE "candidates"."email" = $1 LIMIT $2[0m  [["email", "test"], ["LIMIT", 1]]
  [1m[35m (0.1ms)[0m  [1m[31mROLLBACK[0m
  [1m[35m (0.1ms)[0m  [1m[35mBEGIN[0m
  [1m[36mCandidate Exists (0.4ms)[0m  [1m[34mSELECT  1 AS one FROM "candidates" WHERE "candidates"."email" = $1 LIMIT $2[0m  [["email", "test"], ["LIMIT", 1]]
  [1m[35m (0.1ms)[0m  [1m[31mROLLBACK[0m
  [1m[35m (0.1ms)[0m  [1m[35mBEGIN[0m
  [1m[36mCandidate Exists (0.3ms)[0m  [1m[34mSELECT  1 AS one FROM "candidates" WHERE "candidates"."email" = $1 LIMIT $2[0m  [["email", "test"], ["LIMIT", 1]]
  [1m[35m (0.1ms)[0m  [1m[31mROLLBACK[0m
  [1m[35m (0.2ms)[0m  [1m[35mBEGIN[0m
  [1m[36mCandidate Exists (0.3ms)[0m  [1m[34mSELECT  1 AS one FROM "candidates" WHERE "candidates"."email" = $1 LIMIT $2[0m  [["email", "test"], ["LIMIT", 1]]
  [1m[35m (0.2ms)[0m  [1m[31mROLLBACK[0m
  [1m[35m (0.2ms)[0m  [1m[35mBEGIN[0m
  [1m[36mCandidate Exists (0.3ms)[0m  [1m[34mSELECT  1 AS one FROM "candidates" WHERE "candidates"."email" = $1 LIMIT $2[0m  [["email", "test"], ["LIMIT", 1]]
  [1m[35mSQL (0.6ms)[0m  [1m[32mINSERT INTO "candidates" ("first_name", "last_name", "email", "password_digest", "photo", "created_at", "updated_at") VALUES ($1, $2, $3, $4, $5, $6, $7) RETURNING "id"[0m  [["first_name", "test"], ["last_name", "test"], ["email", "test"], ["password_digest", "$2a$10$wpsGwrD6XaA.xUlSnMhs/Ot.1GfpSsWPK89ZBlJ6jJrbv1KaKqYxi"], ["photo", "test"], ["created_at", 2017-03-17 22:26:29 UTC], ["updated_at", 2017-03-17 22:26:29 UTC]]
  [1m[35m (2.0ms)[0m  [1m[35mCOMMIT[0m
  [1m[36mCandidate Load (0.3ms)[0m  [1m[34mSELECT  "candidates".* FROM "candidates" ORDER BY "candidates"."id" ASC LIMIT $1[0m  [["LIMIT", 1]]
  [1m[36mResume Load (0.3ms)[0m  [1m[34mSELECT  "resumes".* FROM "resumes" ORDER BY "resumes"."id" ASC LIMIT $1[0m  [["LIMIT", 1]]
  [1m[36mCandidate Load (0.2ms)[0m  [1m[34mSELECT  "candidates".* FROM "candidates" WHERE "candidates"."id" = $1 LIMIT $2[0m  [["id", 1], ["LIMIT", 1]]
  [1m[36mCandidate Load (0.4ms)[0m  [1m[34mSELECT  "candidates".* FROM "candidates" ORDER BY "candidates"."id" ASC LIMIT $1[0m  [["LIMIT", 1]]
  [1m[36mContract Load (0.4ms)[0m  [1m[34mSELECT "contracts".* FROM "contracts" WHERE "contracts"."candidate_id" = $1[0m  [["candidate_id", 1]]
  [1m[36mCandidate Load (0.3ms)[0m  [1m[34mSELECT  "candidates".* FROM "candidates" ORDER BY "candidates"."id" ASC LIMIT $1[0m  [["LIMIT", 1]]
  [1m[36mCandidate Load (0.4ms)[0m  [1m[34mSELECT  "candidates".* FROM "candidates" ORDER BY "candidates"."id" ASC LIMIT $1[0m  [["LIMIT", 1]]
  [1m[36mCandidate Load (0.4ms)[0m  [1m[34mSELECT  "candidates".* FROM "candidates" ORDER BY "candidates"."id" ASC LIMIT $1[0m  [["LIMIT", 1]]
  [1m[36mContract Load (0.5ms)[0m  [1m[34mSELECT "contracts".* FROM "contracts" WHERE "contracts"."candidate_id" = $1[0m  [["candidate_id", 1]]
  [1m[36mCandidate Load (0.4ms)[0m  [1m[34mSELECT  "candidates".* FROM "candidates" ORDER BY "candidates"."id" ASC LIMIT $1[0m  [["LIMIT", 1]]
  [1m[36mEvaluation Load (0.3ms)[0m  [1m[34mSELECT "evaluations".* FROM "evaluations" INNER JOIN "contracts" ON "evaluations"."contract_id" = "contracts"."id" WHERE "contracts"."candidate_id" = $1[0m  [["candidate_id", 1]]
  [1m[36mCandidate Load (0.3ms)[0m  [1m[34mSELECT  "candidates".* FROM "candidates" ORDER BY "candidates"."id" ASC LIMIT $1[0m  [["LIMIT", 1]]
  [1m[36mProject Load (0.4ms)[0m  [1m[34mSELECT "projects".* FROM "projects" INNER JOIN "contracts" ON "projects"."id" = "contracts"."project_id" WHERE "contracts"."candidate_id" = $1[0m  [["candidate_id", 1]]
  [1m[35m (0.2ms)[0m  [1m[35mBEGIN[0m
  [1m[35mSQL (1.0ms)[0m  [1m[32mINSERT INTO "projects" ("description", "location", "compensation", "company_id", "created_at", "updated_at") VALUES ($1, $2, $3, $4, $5, $6) RETURNING "id"[0m  [["description", "we gonna code"], ["location", "SF"], ["compensation", "4 dollars"], ["company_id", 1], ["created_at", 2017-03-17 22:29:34 UTC], ["updated_at", 2017-03-17 22:29:34 UTC]]
  [1m[35m (1.9ms)[0m  [1m[35mCOMMIT[0m
  [1m[36mProject Load (0.3ms)[0m  [1m[34mSELECT  "projects".* FROM "projects" ORDER BY "projects"."id" ASC LIMIT $1[0m  [["LIMIT", 1]]
  [1m[36mContract Load (0.2ms)[0m  [1m[34mSELECT "contracts".* FROM "contracts" WHERE "contracts"."project_id" = $1[0m  [["project_id", 1]]
  [1m[35m (0.2ms)[0m  [1m[35mBEGIN[0m
  [1m[35mSQL (0.7ms)[0m  [1m[32mINSERT INTO "contracts" ("candidate_id", "project_id", "created_at", "updated_at") VALUES ($1, $2, $3, $4) RETURNING "id"[0m  [["candidate_id", 1], ["project_id", 1], ["created_at", 2017-03-17 22:30:11 UTC], ["updated_at", 2017-03-17 22:30:11 UTC]]
  [1m[35m (1.9ms)[0m  [1m[35mCOMMIT[0m
  [1m[36mCandidate Load (0.4ms)[0m  [1m[34mSELECT  "candidates".* FROM "candidates" ORDER BY "candidates"."id" ASC LIMIT $1[0m  [["LIMIT", 1]]
  [1m[36mCandidate Load (0.5ms)[0m  [1m[34mSELECT  "candidates".* FROM "candidates" ORDER BY "candidates"."id" ASC LIMIT $1[0m  [["LIMIT", 1]]
  [1m[36mContract Load (0.2ms)[0m  [1m[34mSELECT "contracts".* FROM "contracts" WHERE "contracts"."candidate_id" = $1[0m  [["candidate_id", 1]]
  [1m[36mCandidate Load (0.3ms)[0m  [1m[34mSELECT  "candidates".* FROM "candidates" ORDER BY "candidates"."id" ASC LIMIT $1[0m  [["LIMIT", 1]]
  [1m[36mProject Load (0.5ms)[0m  [1m[34mSELECT "projects".* FROM "projects" INNER JOIN "contracts" ON "projects"."id" = "contracts"."project_id" WHERE "contracts"."candidate_id" = $1[0m  [["candidate_id", 1]]
  [1m[36mCandidate Load (0.3ms)[0m  [1m[34mSELECT  "candidates".* FROM "candidates" ORDER BY "candidates"."id" ASC LIMIT $1[0m  [["LIMIT", 1]]
  [1m[36mEvaluation Load (0.4ms)[0m  [1m[34mSELECT "evaluations".* FROM "evaluations" INNER JOIN "contracts" ON "evaluations"."contract_id" = "contracts"."id" WHERE "contracts"."candidate_id" = $1[0m  [["candidate_id", 1]]
  [1m[35m (0.1ms)[0m  [1m[35mBEGIN[0m
  [1m[35mSQL (0.6ms)[0m  [1m[32mINSERT INTO "evaluations" ("review", "rating", "contract_id", "created_at", "updated_at") VALUES ($1, $2, $3, $4, $5) RETURNING "id"[0m  [["review", "great"], ["rating", 3], ["contract_id", 1], ["created_at", 2017-03-17 22:30:57 UTC], ["updated_at", 2017-03-17 22:30:57 UTC]]
  [1m[35m (1.9ms)[0m  [1m[35mCOMMIT[0m
  [1m[36mCandidate Load (0.5ms)[0m  [1m[34mSELECT  "candidates".* FROM "candidates" ORDER BY "candidates"."id" ASC LIMIT $1[0m  [["LIMIT", 1]]
  [1m[36mEvaluation Load (0.5ms)[0m  [1m[34mSELECT "evaluations".* FROM "evaluations" INNER JOIN "contracts" ON "evaluations"."contract_id" = "contracts"."id" WHERE "contracts"."candidate_id" = $1[0m  [["candidate_id", 1]]
  [1m[36mCandidate Load (0.3ms)[0m  [1m[34mSELECT  "candidates".* FROM "candidates" ORDER BY "candidates"."id" ASC LIMIT $1[0m  [["LIMIT", 1]]
  [1m[36mContract Load (0.4ms)[0m  [1m[34mSELECT  "contracts".* FROM "contracts" WHERE "contracts"."candidate_id" = $1 ORDER BY "contracts"."id" ASC LIMIT $2[0m  [["candidate_id", 1], ["LIMIT", 1]]
  [1m[36mCandidate Load (0.4ms)[0m  [1m[34mSELECT  "candidates".* FROM "candidates" ORDER BY "candidates"."id" ASC LIMIT $1[0m  [["LIMIT", 1]]
  [1m[36mContract Load (0.3ms)[0m  [1m[34mSELECT "contracts".* FROM "contracts" WHERE "contracts"."candidate_id" = $1[0m  [["candidate_id", 1]]
  [1m[36mCandidate Load (0.3ms)[0m  [1m[34mSELECT  "candidates".* FROM "candidates" ORDER BY "candidates"."id" ASC LIMIT $1[0m  [["LIMIT", 1]]
  [1m[36mContract Load (0.3ms)[0m  [1m[34mSELECT  "contracts".* FROM "contracts" WHERE "contracts"."candidate_id" = $1 ORDER BY "contracts"."id" ASC LIMIT $2[0m  [["candidate_id", 1], ["LIMIT", 1]]
  [1m[36mCandidate Load (0.4ms)[0m  [1m[34mSELECT  "candidates".* FROM "candidates" ORDER BY "candidates"."id" ASC LIMIT $1[0m  [["LIMIT", 1]]
  [1m[36mContract Load (0.4ms)[0m  [1m[34mSELECT  "contracts".* FROM "contracts" WHERE "contracts"."candidate_id" = $1 ORDER BY "contracts"."id" ASC LIMIT $2[0m  [["candidate_id", 1], ["LIMIT", 1]]
  [1m[36mEvaluation Load (0.2ms)[0m  [1m[34mSELECT  "evaluations".* FROM "evaluations" WHERE "evaluations"."contract_id" = $1 LIMIT $2[0m  [["contract_id", 1], ["LIMIT", 1]]
  [1m[36mCandidate Load (0.3ms)[0m  [1m[34mSELECT  "candidates".* FROM "candidates" ORDER BY "candidates"."id" ASC LIMIT $1[0m  [["LIMIT", 1]]
  [1m[36mCandidate Load (0.3ms)[0m  [1m[34mSELECT  "candidates".* FROM "candidates" ORDER BY "candidates"."id" ASC LIMIT $1[0m  [["LIMIT", 1]]
  [1m[36mEvaluation Load (0.5ms)[0m  [1m[34mSELECT "evaluations".* FROM "evaluations" INNER JOIN "contracts" ON "evaluations"."contract_id" = "contracts"."id" WHERE "contracts"."candidate_id" = $1[0m  [["candidate_id", 1]]
  [1m[36mCandidate Load (0.3ms)[0m  [1m[34mSELECT  "candidates".* FROM "candidates" ORDER BY "candidates"."id" ASC LIMIT $1[0m  [["LIMIT", 1]]
  [1m[36mToken Load (0.3ms)[0m  [1m[34mSELECT  "tokens".* FROM "tokens" WHERE "tokens"."candidate_id" = $1 LIMIT $2[0m  [["candidate_id", 1], ["LIMIT", 1]]
  [1m[35m (0.1ms)[0m  [1m[35mBEGIN[0m
  [1m[35mSQL (0.4ms)[0m  [1m[32mINSERT INTO "tokens" ("characters", "created_at", "updated_at") VALUES ($1, $2, $3) RETURNING "id"[0m  [["characters", "abc"], ["created_at", 2017-03-17 22:32:19 UTC], ["updated_at", 2017-03-17 22:32:19 UTC]]
  [1m[35m (1.9ms)[0m  [1m[35mCOMMIT[0m
  [1m[36mToken Load (0.3ms)[0m  [1m[34mSELECT  "tokens".* FROM "tokens" ORDER BY "tokens"."id" ASC LIMIT $1[0m  [["LIMIT", 1]]
  [1m[36mToken Load (0.4ms)[0m  [1m[34mSELECT  "tokens".* FROM "tokens" ORDER BY "tokens"."id" ASC LIMIT $1[0m  [["LIMIT", 1]]
  [1m[36mToken Load (0.4ms)[0m  [1m[34mSELECT  "tokens".* FROM "tokens" ORDER BY "tokens"."id" ASC LIMIT $1[0m  [["LIMIT", 1]]
  [1m[35m (0.1ms)[0m  [1m[35mBEGIN[0m
  [1m[35mSQL (0.5ms)[0m  [1m[33mUPDATE "tokens" SET "candidate_id" = $1, "updated_at" = $2 WHERE "tokens"."id" = $3[0m  [["candidate_id", 1], ["updated_at", 2017-03-17 22:32:43 UTC], ["id", 1]]
  [1m[35m (1.8ms)[0m  [1m[35mCOMMIT[0m
  [1m[36mToken Load (0.4ms)[0m  [1m[34mSELECT  "tokens".* FROM "tokens" ORDER BY "tokens"."id" ASC LIMIT $1[0m  [["LIMIT", 1]]
  [1m[36mCandidate Load (0.3ms)[0m  [1m[34mSELECT  "candidates".* FROM "candidates" ORDER BY "candidates"."id" ASC LIMIT $1[0m  [["LIMIT", 1]]
  [1m[36mCandidate Load (0.4ms)[0m  [1m[34mSELECT  "candidates".* FROM "candidates" ORDER BY "candidates"."id" ASC LIMIT $1[0m  [["LIMIT", 1]]
  [1m[36mResume Load (0.3ms)[0m  [1m[34mSELECT  "resumes".* FROM "resumes" WHERE "resumes"."candidate_id" = $1 LIMIT $2[0m  [["candidate_id", 1], ["LIMIT", 1]]
  [1m[36mResume Load (0.3ms)[0m  [1m[34mSELECT  "resumes".* FROM "resumes" ORDER BY "resumes"."id" ASC LIMIT $1[0m  [["LIMIT", 1]]
  [1m[36mCandidate Load (0.3ms)[0m  [1m[34mSELECT  "candidates".* FROM "candidates" WHERE "candidates"."id" = $1 LIMIT $2[0m  [["id", 1], ["LIMIT", 1]]
  [1m[36mCandidate Load (0.3ms)[0m  [1m[34mSELECT  "candidates".* FROM "candidates" ORDER BY "candidates"."id" ASC LIMIT $1[0m  [["LIMIT", 1]]
  [1m[36mProfile Load (0.3ms)[0m  [1m[34mSELECT  "profiles".* FROM "profiles" WHERE "profiles"."candidate_id" = $1 LIMIT $2[0m  [["candidate_id", 1], ["LIMIT", 1]]
  [1m[35m (0.1ms)[0m  [1m[35mBEGIN[0m
  [1m[35mSQL (0.6ms)[0m  [1m[32mINSERT INTO "profiles" ("location", "objective", "summary", "candidate_id", "created_at", "updated_at") VALUES ($1, $2, $3, $4, $5, $6) RETURNING "id"[0m  [["location", "SF"], ["objective", "get buckets"], ["summary", "hey"], ["candidate_id", 1], ["created_at", 2017-03-17 22:34:03 UTC], ["updated_at", 2017-03-17 22:34:03 UTC]]
  [1m[35m (1.8ms)[0m  [1m[35mCOMMIT[0m
  [1m[36mProfile Load (0.3ms)[0m  [1m[34mSELECT  "profiles".* FROM "profiles" ORDER BY "profiles"."id" ASC LIMIT $1[0m  [["LIMIT", 1]]
  [1m[36mProfile Load (0.3ms)[0m  [1m[34mSELECT  "profiles".* FROM "profiles" ORDER BY "profiles"."id" ASC LIMIT $1[0m  [["LIMIT", 1]]
  [1m[36mCandidate Load (0.3ms)[0m  [1m[34mSELECT  "candidates".* FROM "candidates" WHERE "candidates"."id" = $1 LIMIT $2[0m  [["id", 1], ["LIMIT", 1]]
  [1m[36mCandidate Load (0.3ms)[0m  [1m[34mSELECT  "candidates".* FROM "candidates" ORDER BY "candidates"."id" ASC LIMIT $1[0m  [["LIMIT", 1]]
  [1m[36mProfile Load (0.4ms)[0m  [1m[34mSELECT  "profiles".* FROM "profiles" WHERE "profiles"."candidate_id" = $1 LIMIT $2[0m  [["candidate_id", 1], ["LIMIT", 1]]
  [1m[36mCompany Load (0.4ms)[0m  [1m[34mSELECT "companies".* FROM "companies"[0m
  [1m[36mCompany Load (0.2ms)[0m  [1m[34mSELECT  "companies".* FROM "companies" ORDER BY "companies"."id" ASC LIMIT $1[0m  [["LIMIT", 1]]
  [1m[36mProject Load (0.2ms)[0m  [1m[34mSELECT "projects".* FROM "projects" WHERE "projects"."company_id" = $1[0m  [["company_id", 1]]
  [1m[36mCompany Load (0.6ms)[0m  [1m[34mSELECT  "companies".* FROM "companies" ORDER BY "companies"."id" ASC LIMIT $1[0m  [["LIMIT", 1]]
  [1m[36mCompany Load (0.3ms)[0m  [1m[34mSELECT  "companies".* FROM "companies" ORDER BY "companies"."id" ASC LIMIT $1[0m  [["LIMIT", 1]]
  [1m[36mProject Load (0.3ms)[0m  [1m[34mSELECT "projects".* FROM "projects" WHERE "projects"."company_id" = $1[0m  [["company_id", 1]]
  [1m[36mCompany Load (0.3ms)[0m  [1m[34mSELECT  "companies".* FROM "companies" ORDER BY "companies"."id" ASC LIMIT $1[0m  [["LIMIT", 1]]
  [1m[36mProject Load (0.2ms)[0m  [1m[34mSELECT  "projects".* FROM "projects" WHERE "projects"."company_id" = $1 ORDER BY "projects"."id" ASC LIMIT $2[0m  [["company_id", 1], ["LIMIT", 1]]
  [1m[36mCompany Load (0.4ms)[0m  [1m[34mSELECT  "companies".* FROM "companies" ORDER BY "companies"."id" ASC LIMIT $1[0m  [["LIMIT", 1]]
  [1m[36mProject Load (0.3ms)[0m  [1m[34mSELECT  "projects".* FROM "projects" WHERE "projects"."company_id" = $1 ORDER BY "projects"."id" ASC LIMIT $2[0m  [["company_id", 1], ["LIMIT", 1]]
  [1m[36mContract Load (0.3ms)[0m  [1m[34mSELECT "contracts".* FROM "contracts" WHERE "contracts"."project_id" = $1[0m  [["project_id", 1]]
  [1m[36mJob Load (0.4ms)[0m  [1m[34mSELECT "jobs".* FROM "jobs"[0m
  [1m[35m (0.1ms)[0m  [1m[35mBEGIN[0m
  [1m[35mSQL (1.1ms)[0m  [1m[32mINSERT INTO "jobs" ("position", "created_at", "updated_at") VALUES ($1, $2, $3) RETURNING "id"[0m  [["position", "database architect"], ["created_at", 2017-03-17 22:35:57 UTC], ["updated_at", 2017-03-17 22:35:57 UTC]]
  [1m[35m (1.9ms)[0m  [1m[35mCOMMIT[0m
  [1m[36mJob Load (0.2ms)[0m  [1m[34mSELECT  "jobs".* FROM "jobs" ORDER BY "jobs"."id" ASC LIMIT $1[0m  [["LIMIT", 1]]
  [1m[36mJob Load (0.3ms)[0m  [1m[34mSELECT  "jobs".* FROM "jobs" ORDER BY "jobs"."id" ASC LIMIT $1[0m  [["LIMIT", 1]]
  [1m[36mJob Load (0.3ms)[0m  [1m[34mSELECT  "jobs".* FROM "jobs" ORDER BY "jobs"."id" ASC LIMIT $1[0m  [["LIMIT", 1]]
  [1m[35m (0.1ms)[0m  [1m[35mBEGIN[0m
  [1m[35mSQL (0.4ms)[0m  [1m[33mUPDATE "jobs" SET "company_id" = $1, "updated_at" = $2 WHERE "jobs"."id" = $3[0m  [["company_id", 1], ["updated_at", 2017-03-17 22:36:31 UTC], ["id", 1]]
  [1m[35m (2.5ms)[0m  [1m[35mCOMMIT[0m
  [1m[36mJob Load (0.4ms)[0m  [1m[34mSELECT  "jobs".* FROM "jobs" ORDER BY "jobs"."id" ASC LIMIT $1[0m  [["LIMIT", 1]]
  [1m[36mCompany Load (0.2ms)[0m  [1m[34mSELECT  "companies".* FROM "companies" WHERE "companies"."id" = $1 LIMIT $2[0m  [["id", 1], ["LIMIT", 1]]
